{"/Users/kunalverma/Developer/GSSOC26/CodeLens/frontend/src/context/ReminderContext.jsx": {"path":"/Users/kunalverma/Developer/GSSOC26/CodeLens/frontend/src/context/ReminderContext.jsx","statementMap":{"0":{"start":{"line":5,"column":6},"end":{"line":5,"column":null}},"1":{"start":{"line":7,"column":25},"end":{"line":7,"column":null}},"2":{"start":{"line":15,"column":10},"end":{"line":15,"column":null}},"3":{"start":{"line":16,"column":20},"end":{"line":16,"column":null}},"4":{"start":{"line":20,"column":8},"end":{"line":27,"column":null}},"5":{"start":{"line":21,"column":4},"end":{"line":26,"column":null}},"6":{"start":{"line":22,"column":23},"end":{"line":22,"column":null}},"7":{"start":{"line":23,"column":6},"end":{"line":23,"column":null}},"8":{"start":{"line":29,"column":2},"end":{"line":56,"column":null}},"9":{"start":{"line":34,"column":20},"end":{"line":34,"column":null}},"10":{"start":{"line":36,"column":4},"end":{"line":39,"column":null}},"11":{"start":{"line":37,"column":6},"end":{"line":37,"column":null}},"12":{"start":{"line":38,"column":6},"end":{"line":38,"column":null}},"13":{"start":{"line":41,"column":21},"end":{"line":48,"column":null}},"14":{"start":{"line":42,"column":6},"end":{"line":47,"column":null}},"15":{"start":{"line":43,"column":25},"end":{"line":43,"column":null}},"16":{"start":{"line":44,"column":8},"end":{"line":44,"column":null}},"17":{"start":{"line":44,"column":24},"end":{"line":44,"column":null}},"18":{"start":{"line":50,"column":4},"end":{"line":50,"column":null}},"19":{"start":{"line":51,"column":15},"end":{"line":51,"column":null}},"20":{"start":{"line":52,"column":4},"end":{"line":55,"column":null}},"21":{"start":{"line":53,"column":6},"end":{"line":53,"column":null}},"22":{"start":{"line":54,"column":6},"end":{"line":54,"column":null}},"23":{"start":{"line":58,"column":2},"end":{"line":61,"column":null}},"24":{"start":{"line":66,"column":8},"end":{"line":66,"column":null}},"25":{"start":{"line":67,"column":2},"end":{"line":69,"column":null}},"26":{"start":{"line":68,"column":4},"end":{"line":68,"column":null}},"27":{"start":{"line":70,"column":2},"end":{"line":70,"column":null}}},"fnMap":{"0":{"name":"ReminderProvider","decl":{"start":{"line":14,"column":16},"end":{"line":14,"column":33}},"loc":{"start":{"line":14,"column":47},"end":{"line":63,"column":null}},"line":14},"1":{"name":"(anonymous_1)","decl":{"start":{"line":20,"column":27},"end":{"line":20,"column":39}},"loc":{"start":{"line":20,"column":39},"end":{"line":27,"column":5}},"line":20},"2":{"name":"(anonymous_2)","decl":{"start":{"line":29,"column":2},"end":{"line":29,"column":18}},"loc":{"start":{"line":29,"column":18},"end":{"line":56,"column":5}},"line":29},"3":{"name":"(anonymous_3)","decl":{"start":{"line":41,"column":21},"end":{"line":41,"column":33}},"loc":{"start":{"line":41,"column":33},"end":{"line":48,"column":null}},"line":41},"4":{"name":"(anonymous_4)","decl":{"start":{"line":52,"column":4},"end":{"line":52,"column":17}},"loc":{"start":{"line":52,"column":17},"end":{"line":55,"column":null}},"line":52},"5":{"name":"useReminders","decl":{"start":{"line":65,"column":16},"end":{"line":65,"column":31}},"loc":{"start":{"line":65,"column":31},"end":{"line":71,"column":null}},"line":65}},"branchMap":{"0":{"loc":{"start":{"line":23,"column":19},"end":{"line":23,"column":34}},"type":"binary-expr","locations":[{"start":{"line":23,"column":19},"end":{"line":23,"column":32}},{"start":{"line":23,"column":32},"end":{"line":23,"column":34}}],"line":23},"1":{"loc":{"start":{"line":36,"column":4},"end":{"line":39,"column":null}},"type":"if","locations":[{"start":{"line":36,"column":4},"end":{"line":39,"column":null}},{"start":{},"end":{}}],"line":36},"2":{"loc":{"start":{"line":44,"column":8},"end":{"line":44,"column":null}},"type":"if","locations":[{"start":{"line":44,"column":8},"end":{"line":44,"column":null}},{"start":{},"end":{}}],"line":44},"3":{"loc":{"start":{"line":44,"column":37},"end":{"line":44,"column":52}},"type":"binary-expr","locations":[{"start":{"line":44,"column":37},"end":{"line":44,"column":50}},{"start":{"line":44,"column":50},"end":{"line":44,"column":52}}],"line":44},"4":{"loc":{"start":{"line":67,"column":2},"end":{"line":69,"column":null}},"type":"if","locations":[{"start":{"line":67,"column":2},"end":{"line":69,"column":null}},{"start":{},"end":{}}],"line":67}},"s":{"0":1,"1":1,"2":14,"3":14,"4":14,"5":0,"6":0,"7":0,"8":14,"9":6,"10":6,"11":2,"12":2,"13":4,"14":8,"15":8,"16":7,"17":7,"18":4,"19":4,"20":4,"21":4,"22":4,"23":14,"24":17,"25":17,"26":2,"27":14},"f":{"0":14,"1":0,"2":6,"3":8,"4":4,"5":17},"b":{"0":[0,0],"1":[2,4],"2":[7,0],"3":[7,0],"4":[2,15]},"meta":{"lastBranch":5,"lastFunction":6,"lastStatement":28,"seen":{"s:5:6:5:Infinity":0,"s:7:25:7:Infinity":1,"f:14:16:14:33":0,"s:15:10:15:Infinity":2,"s:16:20:16:Infinity":3,"s:20:8:27:Infinity":4,"f:20:27:20:39":1,"s:21:4:26:Infinity":5,"s:22:23:22:Infinity":6,"s:23:6:23:Infinity":7,"b:23:19:23:32:23:32:23:34":0,"s:29:2:56:Infinity":8,"f:29:2:29:18":2,"s:34:20:34:Infinity":9,"b:36:4:39:Infinity:undefined:undefined:undefined:undefined":1,"s:36:4:39:Infinity":10,"s:37:6:37:Infinity":11,"s:38:6:38:Infinity":12,"s:41:21:48:Infinity":13,"f:41:21:41:33":3,"s:42:6:47:Infinity":14,"s:43:25:43:Infinity":15,"b:44:8:44:Infinity:undefined:undefined:undefined:undefined":2,"s:44:8:44:Infinity":16,"s:44:24:44:Infinity":17,"b:44:37:44:50:44:50:44:52":3,"s:50:4:50:Infinity":18,"s:51:15:51:Infinity":19,"s:52:4:55:Infinity":20,"f:52:4:52:17":4,"s:53:6:53:Infinity":21,"s:54:6:54:Infinity":22,"s:58:2:61:Infinity":23,"f:65:16:65:31":5,"s:66:8:66:Infinity":24,"b:67:2:69:Infinity:undefined:undefined:undefined:undefined":4,"s:67:2:69:Infinity":25,"s:68:4:68:Infinity":26,"s:70:2:70:Infinity":27},"fnNames":{}}}
,"/Users/kunalverma/Developer/GSSOC26/CodeLens/frontend/src/utils/reminderBroadcast.js": {"path":"/Users/kunalverma/Developer/GSSOC26/CodeLens/frontend/src/utils/reminderBroadcast.js","statementMap":{"0":{"start":{"line":1,"column":21},"end":{"line":1,"column":null}},"1":{"start":{"line":11,"column":2},"end":{"line":16,"column":null}},"2":{"start":{"line":12,"column":4},"end":{"line":15,"column":null}},"3":{"start":{"line":14,"column":6},"end":{"line":14,"column":null}},"4":{"start":{"line":18,"column":18},"end":{"line":18,"column":null}},"5":{"start":{"line":20,"column":2},"end":{"line":29,"column":null}},"6":{"start":{"line":21,"column":30},"end":{"line":21,"column":null}},"7":{"start":{"line":23,"column":12},"end":{"line":25,"column":null}},"8":{"start":{"line":24,"column":8},"end":{"line":24,"column":null}},"9":{"start":{"line":24,"column":44},"end":{"line":24,"column":null}},"10":{"start":{"line":26,"column":6},"end":{"line":26,"column":null}},"11":{"start":{"line":27,"column":6},"end":{"line":27,"column":null}},"12":{"start":{"line":27,"column":19},"end":{"line":27,"column":null}}},"fnMap":{"0":{"name":"createReminderChannel","decl":{"start":{"line":10,"column":16},"end":{"line":10,"column":40}},"loc":{"start":{"line":10,"column":40},"end":{"line":30,"column":null}},"line":10},"1":{"name":"(anonymous_1)","decl":{"start":{"line":13,"column":6},"end":{"line":13,"column":23}},"loc":{"start":{"line":13,"column":23},"end":{"line":13,"column":null}},"line":13},"2":{"name":"(anonymous_2)","decl":{"start":{"line":14,"column":6},"end":{"line":14,"column":27}},"loc":{"start":{"line":14,"column":6},"end":{"line":14,"column":null}},"line":14},"3":{"name":"(anonymous_3)","decl":{"start":{"line":21,"column":4},"end":{"line":21,"column":16}},"loc":{"start":{"line":21,"column":30},"end":{"line":21,"column":null}},"line":21},"4":{"name":"(anonymous_4)","decl":{"start":{"line":22,"column":4},"end":{"line":22,"column":14}},"loc":{"start":{"line":22,"column":26},"end":{"line":28,"column":null}},"line":22},"5":{"name":"(anonymous_5)","decl":{"start":{"line":23,"column":12},"end":{"line":23,"column":24}},"loc":{"start":{"line":23,"column":34},"end":{"line":25,"column":null}},"line":23},"6":{"name":"(anonymous_6)","decl":{"start":{"line":27,"column":6},"end":{"line":27,"column":19}},"loc":{"start":{"line":27,"column":19},"end":{"line":27,"column":null}},"line":27}},"branchMap":{"0":{"loc":{"start":{"line":11,"column":2},"end":{"line":16,"column":null}},"type":"if","locations":[{"start":{"line":11,"column":2},"end":{"line":16,"column":null}},{"start":{},"end":{}}],"line":11},"1":{"loc":{"start":{"line":24,"column":8},"end":{"line":24,"column":null}},"type":"if","locations":[{"start":{"line":24,"column":8},"end":{"line":24,"column":null}},{"start":{},"end":{}}],"line":24}},"s":{"0":1,"1":7,"2":1,"3":1,"4":6,"5":6,"6":3,"7":4,"8":9,"9":7,"10":4,"11":4,"12":1},"f":{"0":7,"1":1,"2":2,"3":3,"4":4,"5":9,"6":1},"b":{"0":[1,6],"1":[7,2]},"meta":{"lastBranch":2,"lastFunction":7,"lastStatement":13,"seen":{"s:1:21:1:Infinity":0,"f:10:16:10:40":0,"b:11:2:16:Infinity:undefined:undefined:undefined:undefined":0,"s:11:2:16:Infinity":1,"s:12:4:15:Infinity":2,"f:13:6:13:23":1,"f:14:6:14:27":2,"s:14:6:14:Infinity":3,"s:18:18:18:Infinity":4,"s:20:2:29:Infinity":5,"f:21:4:21:16":3,"s:21:30:21:Infinity":6,"f:22:4:22:14":4,"s:23:12:25:Infinity":7,"f:23:12:23:24":5,"b:24:8:24:Infinity:undefined:undefined:undefined:undefined":1,"s:24:8:24:Infinity":8,"s:24:44:24:Infinity":9,"s:26:6:26:Infinity":10,"s:27:6:27:Infinity":11,"f:27:6:27:19":6,"s:27:19:27:Infinity":12},"fnNames":{}}}
}
